#
# There is insufficient memory for the Java Runtime Environment to continue.
# Native memory allocation (mmap) failed to map 70254592 bytes for G1 virtual space
# Possible reasons:
#   The system is out of physical RAM or swap space
#   The process is running with CompressedOops enabled, and the Java Heap may be blocking the growth of the native heap
# Possible solutions:
#   Reduce memory load on the system
#   Increase physical memory or swap space
#   Check if swap backing store is full
#   Decrease Java heap size (-Xmx/-Xms)
#   Decrease number of Java threads
#   Decrease Java thread stack sizes (-Xss)
#   Set larger code cache with -XX:ReservedCodeCacheSize=
#   JVM is running with Unscaled Compressed Oops mode in which the Java heap is
#     placed in the first 4GB address space. The Java Heap base address is the
#     maximum limit for the native heap growth. Please use -XX:HeapBaseMinAddress
#     to set the Java Heap base and to place the Java Heap above 4GB virtual address.
# This output file may be truncated or incomplete.
#
#  Out of Memory Error (os_windows.cpp:3530), pid=7584, tid=14288
#
# JRE version: Java(TM) SE Runtime Environment (18.0.2.1+1) (build 18.0.2.1+1-1)
# Java VM: Java HotSpot(TM) 64-Bit Server VM (18.0.2.1+1-1, mixed mode, sharing, tiered, compressed oops, compressed class ptrs, g1 gc, windows-amd64)
# No core dump will be written. Minidumps are not enabled by default on client versions of Windows
#

---------------  S U M M A R Y ------------

Command Line: -XX:MaxMetaspaceSize=512m --add-opens=java.base/java.util=ALL-UNNAMED --add-opens=java.base/java.lang=ALL-UNNAMED --add-opens=java.base/java.lang.invoke=ALL-UNNAMED --add-opens=java.prefs/java.util.prefs=ALL-UNNAMED --add-opens=java.base/java.nio.charset=ALL-UNNAMED --add-opens=java.base/java.net=ALL-UNNAMED --add-opens=java.base/java.util.concurrent.atomic=ALL-UNNAMED -Xmx2048m -Dfile.encoding=UTF-8 -Duser.country=IN -Duser.language=en -Duser.variant -javaagent:C:\Users\Khushi\.gradle\wrapper\dists\gradle-8.6-all\3mbtmo166bl6vumsh5k2lkq5h\gradle-8.6\lib\agents\gradle-instrumentation-agent-8.6.jar org.gradle.launcher.daemon.bootstrap.GradleDaemon 8.6

Host: AMD Ryzen 5 5500U with Radeon Graphics         , 12 cores, 15G,  Windows 11 , 64 bit Build 22621 (10.0.22621.3527)
Time: Tue Jun 11 00:36:13 2024 India Standard Time elapsed time: 18.490315 seconds (0d 0h 0m 18s)

---------------  T H R E A D  ---------------

Current thread (0x00000173f9cd0da0):  VMThread "VM Thread" [stack: 0x0000003921a00000,0x0000003921b00000] [id=14288]

Stack: [0x0000003921a00000,0x0000003921b00000]
Native frames: (J=compiled Java code, j=interpreted, Vv=VM code, C=native code)
V  [jvm.dll+0x6993aa]
V  [jvm.dll+0x7f46dd]
V  [jvm.dll+0x7f5fee]
V  [jvm.dll+0x7f66a3]
V  [jvm.dll+0x25cf1f]
V  [jvm.dll+0x6962f9]
V  [jvm.dll+0x68ae2a]
V  [jvm.dll+0x32255b]
V  [jvm.dll+0x329f36]
V  [jvm.dll+0x37eade]
V  [jvm.dll+0x37ed0f]
V  [jvm.dll+0x2fa2da]
V  [jvm.dll+0x2fa387]
V  [jvm.dll+0x33e8c2]
V  [jvm.dll+0x33ce64]
V  [jvm.dll+0x2f9ab0]
V  [jvm.dll+0x33c43b]
V  [jvm.dll+0x7fb48b]
V  [jvm.dll+0x7fc224]
V  [jvm.dll+0x7fc75c]
V  [jvm.dll+0x7fcbb4]
V  [jvm.dll+0x7fcc77]
V  [jvm.dll+0x7a120a]
V  [jvm.dll+0x698255]
C  [ucrtbase.dll+0x29333]
C  [KERNEL32.DLL+0x1257d]
C  [ntdll.dll+0x5aa48]

VM_Operation (0x00000039231f5610): G1CollectForAllocation, mode: safepoint, requested by thread 0x00000173fedfa460


---------------  P R O C E S S  ---------------

Threads class SMR info:
_java_thread_list=0x0000017391a42370, length=63, elements={
0x00000173ea61cdb0, 0x00000173f9cd4830, 0x00000173f9cd53a0, 0x00000173f9ce95c0,
0x00000173f9ce9e70, 0x00000173f9cead30, 0x00000173f9ceb5e0, 0x00000173f9cec9e0,
0x00000173f9cef2e0, 0x00000173f9d06da0, 0x00000173f9cbdb80, 0x00000173fe22cab0,
0x00000173ff70c850, 0x00000173ff5aef10, 0x00000173ff5ee4d0, 0x00000173ffa62da0,
0x00000173ff8b1040, 0x00000173fedea620, 0x00000173fedfa460, 0x00000173fedfa930,
0x00000173fedfc140, 0x00000173fedf8780, 0x00000173fedf95f0, 0x00000173fedfb7a0,
0x00000173fedf9120, 0x00000173fedf8c50, 0x00000173fedf9ac0, 0x00000173fedf9f90,
0x00000173fedfbc70, 0x000001738f5429e0, 0x000001738f540d00, 0x000001738f53c9a0,
0x000001738f543d20, 0x000001738f53eb50, 0x000001738f5416a0, 0x000001738f53dce0,
0x000001738f53f9c0, 0x000001738f541b70, 0x000001738f53fe90, 0x000001738f53ce70,
0x000001738f53d810, 0x000001738f542040, 0x000001738f53e1b0, 0x000001738f542510,
0x000001738f542eb0, 0x000001738f543850, 0x000001738f543380, 0x000001738f5441f0,
0x000001738f540830, 0x000001738f53e680, 0x0000017390937a00, 0x0000017390937ed0,
0x000001739093e8b0, 0x00000173909383a0, 0x0000017390939bb0, 0x0000017390937060,
0x000001739093a550, 0x000001739093aa20, 0x0000017390938870, 0x000001739093b890,
0x0000017390938d40, 0x00000173922725c0, 0x0000017390939210
}

Java Threads: ( => current thread )
  0x00000173ea61cdb0 JavaThread "main" [_thread_blocked, id=18180, stack(0x0000003921400000,0x0000003921500000)]
  0x00000173f9cd4830 JavaThread "Reference Handler" daemon [_thread_blocked, id=13220, stack(0x0000003921b00000,0x0000003921c00000)]
  0x00000173f9cd53a0 JavaThread "Finalizer" daemon [_thread_blocked, id=17184, stack(0x0000003921c00000,0x0000003921d00000)]
  0x00000173f9ce95c0 JavaThread "Signal Dispatcher" daemon [_thread_blocked, id=9184, stack(0x0000003921d00000,0x0000003921e00000)]
  0x00000173f9ce9e70 JavaThread "Attach Listener" daemon [_thread_blocked, id=17188, stack(0x0000003921e00000,0x0000003921f00000)]
  0x00000173f9cead30 JavaThread "Service Thread" daemon [_thread_blocked, id=17144, stack(0x0000003921f00000,0x0000003922000000)]
  0x00000173f9ceb5e0 JavaThread "Monitor Deflation Thread" daemon [_thread_blocked, id=17156, stack(0x0000003922000000,0x0000003922100000)]
  0x00000173f9cec9e0 JavaThread "C2 CompilerThread0" daemon [_thread_in_native, id=15268, stack(0x0000003922100000,0x0000003922200000)]
  0x00000173f9cef2e0 JavaThread "C1 CompilerThread0" daemon [_thread_blocked, id=18964, stack(0x0000003922200000,0x0000003922300000)]
  0x00000173f9d06da0 JavaThread "Sweeper thread" daemon [_thread_blocked, id=22316, stack(0x0000003922300000,0x0000003922400000)]
  0x00000173f9cbdb80 JavaThread "Common-Cleaner" daemon [_thread_blocked, id=10488, stack(0x0000003922400000,0x0000003922500000)]
  0x00000173fe22cab0 JavaThread "Notification Thread" daemon [_thread_blocked, id=17152, stack(0x0000003922500000,0x0000003922600000)]
  0x00000173ff70c850 JavaThread "Daemon health stats" [_thread_blocked, id=22740, stack(0x0000003922d00000,0x0000003922e00000)]
  0x00000173ff5aef10 JavaThread "Incoming local TCP Connector on port 51786" [_thread_in_native, id=23780, stack(0x0000003922c00000,0x0000003922d00000)]
  0x00000173ff5ee4d0 JavaThread "Daemon periodic checks" [_thread_blocked, id=4564, stack(0x0000003922700000,0x0000003922800000)]
  0x00000173ffa62da0 JavaThread "Daemon" [_thread_blocked, id=21448, stack(0x0000003922e00000,0x0000003922f00000)]
  0x00000173ff8b1040 JavaThread "Handler for socket connection from /127.0.0.1:51786 to /127.0.0.1:51787" [_thread_in_native, id=11932, stack(0x0000003922f00000,0x0000003923000000)]
  0x00000173fedea620 JavaThread "Cancel handler" [_thread_blocked, id=11448, stack(0x0000003923000000,0x0000003923100000)]
  0x00000173fedfa460 JavaThread "Daemon worker" [_thread_blocked, id=4748, stack(0x0000003923100000,0x0000003923200000)]
  0x00000173fedfa930 JavaThread "Asynchronous log dispatcher for DefaultDaemonConnection: socket connection from /127.0.0.1:51786 to /127.0.0.1:51787" [_thread_blocked, id=21224, stack(0x0000003923200000,0x0000003923300000)]
  0x00000173fedfc140 JavaThread "Stdin handler" [_thread_blocked, id=19268, stack(0x0000003923300000,0x0000003923400000)]
  0x00000173fedf8780 JavaThread "Daemon client event forwarder" [_thread_blocked, id=3604, stack(0x0000003923400000,0x0000003923500000)]
  0x00000173fedf95f0 JavaThread "Cache worker for journal cache (C:\Users\Khushi\.gradle\caches\journal-1)" [_thread_blocked, id=8432, stack(0x0000003923600000,0x0000003923700000)]
  0x00000173fedfb7a0 JavaThread "File lock request listener" [_thread_in_native, id=16388, stack(0x0000003923700000,0x0000003923800000)]
  0x00000173fedf9120 JavaThread "Cache worker for file hash cache (C:\Users\Khushi\.gradle\caches\8.6\fileHashes)" [_thread_blocked, id=17020, stack(0x0000003923800000,0x0000003923900000)]
  0x00000173fedf8c50 JavaThread "File watcher server" daemon [_thread_blocked, id=20948, stack(0x0000003923a00000,0x0000003923b00000)]
  0x00000173fedf9ac0 JavaThread "File watcher consumer" daemon [_thread_blocked, id=17536, stack(0x0000003923b00000,0x0000003923c00000)]
  0x00000173fedf9f90 JavaThread "Cache worker for checksums cache (E:\React-Native\Project_1\android\.gradle\8.6\checksums)" [_thread_blocked, id=16308, stack(0x0000003923900000,0x0000003923a00000)]
  0x00000173fedfbc70 JavaThread "Cache worker for file hash cache (E:\React-Native\Project_1\android\.gradle\8.6\fileHashes)" [_thread_blocked, id=5192, stack(0x0000003924300000,0x0000003924400000)]
  0x000001738f5429e0 JavaThread "Cache worker for cache directory md-supplier (C:\Users\Khushi\.gradle\caches\8.6\md-supplier)" [_thread_blocked, id=23436, stack(0x0000003924400000,0x0000003924500000)]
  0x000001738f540d00 JavaThread "Cache worker for cache directory md-rule (C:\Users\Khushi\.gradle\caches\8.6\md-rule)" [_thread_blocked, id=22096, stack(0x0000003924500000,0x0000003924600000)]
  0x000001738f53c9a0 JavaThread "Cache worker for file content cache (C:\Users\Khushi\.gradle\caches\8.6\fileContent)" [_thread_blocked, id=22664, stack(0x0000003924600000,0x0000003924700000)]
  0x000001738f543d20 JavaThread "jar transforms" [_thread_blocked, id=16936, stack(0x0000003924800000,0x0000003924900000)]
  0x000001738f53eb50 JavaThread "jar transforms Thread 2" [_thread_blocked, id=24128, stack(0x0000003924900000,0x0000003924a00000)]
  0x000001738f5416a0 JavaThread "jar transforms Thread 3" [_thread_blocked, id=3328, stack(0x0000003924a00000,0x0000003924b00000)]
  0x000001738f53dce0 JavaThread "jar transforms Thread 4" [_thread_blocked, id=22256, stack(0x0000003924b00000,0x0000003924c00000)]
  0x000001738f53f9c0 JavaThread "Exec process" [_thread_blocked, id=12904, stack(0x0000003924c00000,0x0000003924d00000)]
  0x000001738f541b70 JavaThread "Exec process Thread 2" [_thread_blocked, id=25568, stack(0x0000003924d00000,0x0000003924e00000)]
  0x000001738f53fe90 JavaThread "Exec process Thread 3" [_thread_blocked, id=23140, stack(0x0000003924e00000,0x0000003924f00000)]
  0x000001738f53ce70 JavaThread "jar transforms Thread 5" [_thread_blocked, id=26452, stack(0x0000003923500000,0x0000003923600000)]
  0x000001738f53d810 JavaThread "jar transforms Thread 6" [_thread_blocked, id=13228, stack(0x0000003924700000,0x0000003924800000)]
  0x000001738f542040 JavaThread "Unconstrained build operations" [_thread_blocked, id=22832, stack(0x0000003925000000,0x0000003925100000)]
  0x000001738f53e1b0 JavaThread "Unconstrained build operations Thread 2" [_thread_blocked, id=23248, stack(0x0000003925100000,0x0000003925200000)]
  0x000001738f542510 JavaThread "jar transforms Thread 7" [_thread_blocked, id=21948, stack(0x0000003925200000,0x0000003925300000)]
  0x000001738f542eb0 JavaThread "jar transforms Thread 8" [_thread_blocked, id=7216, stack(0x0000003925300000,0x0000003925400000)]
  0x000001738f543850 JavaThread "File lock release action executor" [_thread_blocked, id=20856, stack(0x0000003925400000,0x0000003925500000)]
  0x000001738f543380 JavaThread "Cache worker for Build Output Cleanup Cache (E:\React-Native\Project_1\node_modules\@react-native\gradle-plugin\.gradle\buildOutputCleanup)" [_thread_blocked, id=14068, stack(0x0000003925500000,0x0000003925600000)]
  0x000001738f5441f0 JavaThread "jar transforms Thread 9" [_thread_blocked, id=26516, stack(0x0000003925600000,0x0000003925700000)]
  0x000001738f540830 JavaThread "jar transforms Thread 10" [_thread_blocked, id=1764, stack(0x0000003925700000,0x0000003925800000)]
  0x000001738f53e680 JavaThread "Unconstrained build operations Thread 3" [_thread_blocked, id=15300, stack(0x0000003925800000,0x0000003925900000)]
  0x0000017390937a00 JavaThread "Unconstrained build operations Thread 4" [_thread_blocked, id=7220, stack(0x0000003925900000,0x0000003925a00000)]
  0x0000017390937ed0 JavaThread "Unconstrained build operations Thread 5" [_thread_blocked, id=4780, stack(0x0000003925a00000,0x0000003925b00000)]
  0x000001739093e8b0 JavaThread "Unconstrained build operations Thread 6" [_thread_blocked, id=26488, stack(0x0000003925b00000,0x0000003925c00000)]
  0x00000173909383a0 JavaThread "Unconstrained build operations Thread 7" [_thread_blocked, id=4912, stack(0x0000003925c00000,0x0000003925d00000)]
  0x0000017390939bb0 JavaThread "Unconstrained build operations Thread 8" [_thread_blocked, id=24220, stack(0x0000003925d00000,0x0000003925e00000)]
  0x0000017390937060 JavaThread "Unconstrained build operations Thread 9" [_thread_blocked, id=7020, stack(0x0000003925e00000,0x0000003925f00000)]
  0x000001739093a550 JavaThread "Unconstrained build operations Thread 10" [_thread_blocked, id=16916, stack(0x0000003925f00000,0x0000003926000000)]
  0x000001739093aa20 JavaThread "Unconstrained build operations Thread 11" [_thread_blocked, id=25036, stack(0x0000003926000000,0x0000003926100000)]
  0x0000017390938870 JavaThread "Unconstrained build operations Thread 12" [_thread_blocked, id=3832, stack(0x0000003926100000,0x0000003926200000)]
  0x000001739093b890 JavaThread "Unconstrained build operations Thread 13" [_thread_blocked, id=23640, stack(0x0000003926200000,0x0000003926300000)]
  0x0000017390938d40 JavaThread "build event listener" [_thread_blocked, id=20664, stack(0x0000003926300000,0x0000003926400000)]
  0x00000173922725c0 JavaThread "C2 CompilerThread1" daemon [_thread_blocked, id=24936, stack(0x0000003924f00000,0x0000003925000000)]
  0x0000017390939210 JavaThread "Memory manager" [_thread_blocked, id=3864, stack(0x0000003926400000,0x0000003926500000)]

Other Threads:
=>0x00000173f9cd0da0 VMThread "VM Thread" [stack: 0x0000003921a00000,0x0000003921b00000] [id=14288]
  0x00000173ea61db20 WatcherThread "VM Periodic Task Thread" [stack: 0x0000003922600000,0x0000003922700000] [id=10272]
  0x00000173ea67c290 WorkerThread "GC Thread#0" [stack: 0x0000003921500000,0x0000003921600000] [id=14388]
  0x00000173fe5806d0 WorkerThread "GC Thread#1" [stack: 0x0000003922800000,0x0000003922900000] [id=18088]
  0x00000173fe580970 WorkerThread "GC Thread#2" [stack: 0x0000003922900000,0x0000003922a00000] [id=17924]
  0x00000173fe580e20 WorkerThread "GC Thread#3" [stack: 0x0000003922a00000,0x0000003922b00000] [id=25428]
  0x00000173fec3d090 WorkerThread "GC Thread#4" [stack: 0x0000003922b00000,0x0000003922c00000] [id=17308]
  0x000001738fbe7fb0 WorkerThread "GC Thread#5" [stack: 0x0000003923c00000,0x0000003923d00000] [id=11324]
  0x0000017390ba75a0 WorkerThread "GC Thread#6" [stack: 0x0000003923d00000,0x0000003923e00000] [id=4208]
  0x000001738fc0ac70 WorkerThread "GC Thread#7" [stack: 0x0000003923e00000,0x0000003923f00000] [id=21116]
  0x0000017391e7fdb0 WorkerThread "GC Thread#8" [stack: 0x0000003923f00000,0x0000003924000000] [id=19276]
  0x0000017391339130 WorkerThread "GC Thread#9" [stack: 0x0000003924000000,0x0000003924100000] [id=11800]
  0x00000173ea68f0f0 ConcurrentGCThread "G1 Main Marker" [stack: 0x0000003921600000,0x0000003921700000] [id=18212]
  0x00000173ea68f9f0 WorkerThread "G1 Conc#0" [stack: 0x0000003921700000,0x0000003921800000] [id=6292]
  0x000001738f601020 WorkerThread "G1 Conc#1" [stack: 0x0000003924100000,0x0000003924200000] [id=7300]
  0x0000017391b609b0 WorkerThread "G1 Conc#2" [stack: 0x0000003924200000,0x0000003924300000] [id=11852]
  0x00000173f9b86630 ConcurrentGCThread "G1 Refine#0" [stack: 0x0000003921800000,0x0000003921900000] [id=13208]
  0x00000173f9b86e50 ConcurrentGCThread "G1 Service" [stack: 0x0000003921900000,0x0000003921a00000] [id=18332]

Threads with active compile tasks:
C2 CompilerThread0    18541 6689       4       sun.reflect.generics.parser.SignatureParser::parsePackageNameAndSimpleClassTypeSignature (119 bytes)
C2 CompilerThread1    18541 6738   !   4       jdk.internal.loader.BuiltinClassLoader::loadClassOrNull (143 bytes)

VM state: at safepoint (normal execution)

VM Mutex/Monitor currently owned by a thread:  ([mutex/lock_event])
[0x00000173ea618b60] Threads_lock - owner thread: 0x00000173f9cd0da0
[0x00000173ea619f10] Heap_lock - owner thread: 0x00000173fedfa460

Heap address: 0x0000000080000000, size: 2048 MB, Compressed Oops mode: 32-bit

CDS archive(s) mapped at: [0x0000000800000000-0x0000000800ba0000-0x0000000800ba0000), size 12189696, SharedBaseAddress: 0x0000000800000000, ArchiveRelocationMode: 0.
Compressed class space mapped at: 0x0000000800c00000-0x000000081a800000, reserved size: 432013312
Narrow klass base: 0x0000000800000000, Narrow klass shift: 0, Narrow klass range: 0x100000000

GC Precious Log:
 CardTable entry size: 512
 Card Set container configuration: InlinePtr #cards 5 size 8 Array Of Cards #cards 12 size 40 Howl #buckets 4 coarsen threshold 1843 Howl Bitmap #cards 512 size 80 coarsen threshold 460 Card regions per heap region 1 cards per card region 2048
 CPUs: 12 total, 12 available
 Memory: 15693M
 Large Page Support: Disabled
 NUMA Support: Disabled
 Compressed Oops: Enabled (32-bit)
 Heap Region Size: 1M
 Heap Min Capacity: 8M
 Heap Initial Capacity: 246M
 Heap Max Capacity: 2G
 Pre-touch: Disabled
 Parallel Workers: 10
 Concurrent Workers: 3
 Concurrent Refinement Workers: 10
 Periodic GC: Disabled

Heap:
 garbage-first heap   total 136192K, used 61334K [0x0000000080000000, 0x0000000100000000)
  region size 1024K, 1 young (1024K), 1 survivors (1024K)
 Metaspace       used 62630K, committed 64576K, reserved 487424K
  class space    used 8917K, committed 9920K, reserved 421888K

Heap Regions: E=young(eden), S=young(survivor), O=old, HS=humongous(starts), HC=humongous(continues), CS=collection set, F=free, OA=open archive, CA=closed archive, TAMS=top-at-mark-start (previous, next)
|   0|0x0000000080000000, 0x0000000080100000, 0x0000000080100000|100%|HS|  |TAMS 0x0000000080100000, 0x0000000080100000| Complete 
|   1|0x0000000080100000, 0x0000000080200000, 0x0000000080200000|100%|HC|  |TAMS 0x0000000080200000, 0x0000000080200000| Complete 
|   2|0x0000000080200000, 0x0000000080300000, 0x0000000080300000|100%|HC|  |TAMS 0x0000000080300000, 0x0000000080300000| Complete 
|   3|0x0000000080300000, 0x0000000080400000, 0x0000000080400000|100%|HC|  |TAMS 0x0000000080400000, 0x0000000080400000| Complete 
|   4|0x0000000080400000, 0x0000000080500000, 0x0000000080500000|100%| O|  |TAMS 0x0000000080500000, 0x0000000080500000| Untracked 
|   5|0x0000000080500000, 0x0000000080600000, 0x0000000080600000|100%| O|  |TAMS 0x0000000080600000, 0x0000000080600000| Untracked 
|   6|0x0000000080600000, 0x0000000080700000, 0x0000000080700000|100%| O|  |TAMS 0x0000000080700000, 0x0000000080700000| Untracked 
|   7|0x0000000080700000, 0x0000000080800000, 0x0000000080800000|100%| O|  |TAMS 0x0000000080800000, 0x0000000080800000| Untracked 
|   8|0x0000000080800000, 0x0000000080900000, 0x0000000080900000|100%| O|  |TAMS 0x0000000080900000, 0x0000000080900000| Untracked 
|   9|0x0000000080900000, 0x0000000080a00000, 0x0000000080a00000|100%| O|  |TAMS 0x0000000080a00000, 0x0000000080a00000| Untracked 
|  10|0x0000000080a00000, 0x0000000080a97e00, 0x0000000080b00000| 59%| O|  |TAMS 0x0000000080a97e00, 0x0000000080a97e00| Untracked 
|  11|0x0000000080b00000, 0x0000000080c00000, 0x0000000080c00000|100%| O|  |TAMS 0x0000000080c00000, 0x0000000080c00000| Untracked 
|  12|0x0000000080c00000, 0x0000000080d00000, 0x0000000080d00000|100%| O|  |TAMS 0x0000000080d00000, 0x0000000080d00000| Untracked 
|  13|0x0000000080d00000, 0x0000000080e00000, 0x0000000080e00000|100%| O|  |TAMS 0x0000000080e00000, 0x0000000080e00000| Untracked 
|  14|0x0000000080e00000, 0x0000000080f00000, 0x0000000080f00000|100%| O|  |TAMS 0x0000000080f00000, 0x0000000080f00000| Untracked 
|  15|0x0000000080f00000, 0x0000000081000000, 0x0000000081000000|100%| O|  |TAMS 0x0000000081000000, 0x0000000081000000| Untracked 
|  16|0x0000000081000000, 0x0000000081100000, 0x0000000081100000|100%| O|  |TAMS 0x0000000081100000, 0x0000000081100000| Untracked 
|  17|0x0000000081100000, 0x0000000081200000, 0x0000000081200000|100%| O|  |TAMS 0x0000000081200000, 0x0000000081200000| Untracked 
|  18|0x0000000081200000, 0x0000000081300000, 0x0000000081300000|100%| O|  |TAMS 0x0000000081300000, 0x0000000081300000| Untracked 
|  19|0x0000000081300000, 0x0000000081400000, 0x0000000081400000|100%| O|  |TAMS 0x0000000081400000, 0x0000000081400000| Untracked 
|  20|0x0000000081400000, 0x0000000081500000, 0x0000000081500000|100%| O|  |TAMS 0x0000000081500000, 0x0000000081500000| Untracked 
|  21|0x0000000081500000, 0x0000000081600000, 0x0000000081600000|100%| O|  |TAMS 0x0000000081600000, 0x0000000081600000| Untracked 
|  22|0x0000000081600000, 0x0000000081700000, 0x0000000081700000|100%| O|  |TAMS 0x0000000081700000, 0x0000000081700000| Untracked 
|  23|0x0000000081700000, 0x0000000081800000, 0x0000000081800000|100%| O|  |TAMS 0x0000000081800000, 0x0000000081800000| Untracked 
|  24|0x0000000081800000, 0x0000000081900000, 0x0000000081900000|100%| O|  |TAMS 0x0000000081900000, 0x0000000081900000| Untracked 
|  25|0x0000000081900000, 0x0000000081a00000, 0x0000000081a00000|100%| O|  |TAMS 0x0000000081a00000, 0x0000000081a00000| Untracked 
|  26|0x0000000081a00000, 0x0000000081b00000, 0x0000000081b00000|100%| O|  |TAMS 0x0000000081b00000, 0x0000000081b00000| Untracked 
|  27|0x0000000081b00000, 0x0000000081c00000, 0x0000000081c00000|100%| O|  |TAMS 0x0000000081c00000, 0x0000000081c00000| Untracked 
|  28|0x0000000081c00000, 0x0000000081d00000, 0x0000000081d00000|100%| O|  |TAMS 0x0000000081d00000, 0x0000000081d00000| Untracked 
|  29|0x0000000081d00000, 0x0000000081e00000, 0x0000000081e00000|100%| O|  |TAMS 0x0000000081e00000, 0x0000000081e00000| Untracked 
|  30|0x0000000081e00000, 0x0000000081f00000, 0x0000000081f00000|100%| O|  |TAMS 0x0000000081f00000, 0x0000000081f00000| Untracked 
|  31|0x0000000081f00000, 0x0000000082000000, 0x0000000082000000|100%| O|  |TAMS 0x0000000082000000, 0x0000000082000000| Untracked 
|  32|0x0000000082000000, 0x0000000082100000, 0x0000000082100000|100%| O|  |TAMS 0x0000000082100000, 0x0000000082100000| Untracked 
|  33|0x0000000082100000, 0x0000000082200000, 0x0000000082200000|100%| O|  |TAMS 0x0000000082200000, 0x0000000082200000| Untracked 
|  34|0x0000000082200000, 0x0000000082300000, 0x0000000082300000|100%| O|  |TAMS 0x0000000082300000, 0x0000000082300000| Untracked 
|  35|0x0000000082300000, 0x0000000082400000, 0x0000000082400000|100%| O|  |TAMS 0x0000000082400000, 0x0000000082400000| Untracked 
|  36|0x0000000082400000, 0x0000000082500000, 0x0000000082500000|100%| O|  |TAMS 0x0000000082500000, 0x0000000082500000| Untracked 
|  37|0x0000000082500000, 0x0000000082600000, 0x0000000082600000|100%|HS|  |TAMS 0x0000000082600000, 0x0000000082600000| Complete 
|  38|0x0000000082600000, 0x0000000082700000, 0x0000000082700000|100%|HC|  |TAMS 0x0000000082700000, 0x0000000082700000| Complete 
|  39|0x0000000082700000, 0x0000000082800000, 0x0000000082800000|100%| O|  |TAMS 0x0000000082800000, 0x0000000082800000| Untracked 
|  40|0x0000000082800000, 0x0000000082900000, 0x0000000082900000|100%| O|  |TAMS 0x0000000082900000, 0x0000000082900000| Untracked 
|  41|0x0000000082900000, 0x0000000082a00000, 0x0000000082a00000|100%| O|  |TAMS 0x0000000082a00000, 0x0000000082a00000| Untracked 
|  42|0x0000000082a00000, 0x0000000082b00000, 0x0000000082b00000|100%| O|  |TAMS 0x0000000082a00000, 0x0000000082b00000| Untracked 
|  43|0x0000000082b00000, 0x0000000082b00000, 0x0000000082c00000|  0%| F|  |TAMS 0x0000000082b00000, 0x0000000082b00000| Untracked 
|  44|0x0000000082c00000, 0x0000000082d00000, 0x0000000082d00000|100%| O|  |TAMS 0x0000000082c00000, 0x0000000082d00000| Untracked 
|  45|0x0000000082d00000, 0x0000000082e00000, 0x0000000082e00000|100%| O|  |TAMS 0x0000000082d00000, 0x0000000082e00000| Untracked 
|  46|0x0000000082e00000, 0x0000000082f00000, 0x0000000082f00000|100%|HS|  |TAMS 0x0000000082f00000, 0x0000000082f00000| Complete 
|  47|0x0000000082f00000, 0x0000000083000000, 0x0000000083000000|100%|HC|  |TAMS 0x0000000083000000, 0x0000000083000000| Complete 
|  48|0x0000000083000000, 0x0000000083100000, 0x0000000083100000|100%|HS|  |TAMS 0x0000000083100000, 0x0000000083100000| Complete 
|  49|0x0000000083100000, 0x0000000083200000, 0x0000000083200000|100%|HC|  |TAMS 0x0000000083200000, 0x0000000083200000| Complete 
|  50|0x0000000083200000, 0x0000000083300000, 0x0000000083300000|100%|HC|  |TAMS 0x0000000083300000, 0x0000000083300000| Complete 
|  51|0x0000000083300000, 0x0000000083400000, 0x0000000083400000|100%|HC|  |TAMS 0x0000000083400000, 0x0000000083400000| Complete 
|  52|0x0000000083400000, 0x0000000083500000, 0x0000000083500000|100%|HS|  |TAMS 0x0000000083500000, 0x0000000083500000| Complete 
|  53|0x0000000083500000, 0x0000000083600000, 0x0000000083600000|100%|HC|  |TAMS 0x0000000083600000, 0x0000000083600000| Complete 
|  54|0x0000000083600000, 0x0000000083700000, 0x0000000083700000|100%|HC|  |TAMS 0x0000000083700000, 0x0000000083700000| Complete 
|  55|0x0000000083700000, 0x0000000083800000, 0x0000000083800000|100%|HC|  |TAMS 0x0000000083800000, 0x0000000083800000| Complete 
|  56|0x0000000083800000, 0x0000000083900000, 0x0000000083900000|100%| O|  |TAMS 0x0000000083900000, 0x0000000083900000| Untracked 
|  57|0x0000000083900000, 0x0000000083a00000, 0x0000000083a00000|100%| O|  |TAMS 0x0000000083a00000, 0x0000000083a00000| Untracked 
|  58|0x0000000083a00000, 0x0000000083b00000, 0x0000000083b00000|100%| O|  |TAMS 0x0000000083b00000, 0x0000000083b00000| Untracked 
|  59|0x0000000083b00000, 0x0000000083c00000, 0x0000000083c00000|100%| O|  |TAMS 0x0000000083bc9600, 0x0000000083c00000| Untracked 
|  60|0x0000000083c00000, 0x0000000083ca5e00, 0x0000000083d00000| 64%| O|  |TAMS 0x0000000083c00000, 0x0000000083ca5e00| Untracked 
|  61|0x0000000083d00000, 0x0000000083d00000, 0x0000000083e00000|  0%| F|  |TAMS 0x0000000083d00000, 0x0000000083d00000| Untracked 
|  62|0x0000000083e00000, 0x0000000083e00000, 0x0000000083f00000|  0%| F|  |TAMS 0x0000000083e00000, 0x0000000083e00000| Untracked 
|  63|0x0000000083f00000, 0x0000000083f00000, 0x0000000084000000|  0%| F|  |TAMS 0x0000000083f00000, 0x0000000083f00000| Untracked 
|  64|0x0000000084000000, 0x0000000084000000, 0x0000000084100000|  0%| F|  |TAMS 0x0000000084000000, 0x0000000084000000| Untracked 
|  65|0x0000000084100000, 0x0000000084100000, 0x0000000084200000|  0%| F|  |TAMS 0x0000000084100000, 0x0000000084100000| Untracked 
|  66|0x0000000084200000, 0x0000000084200000, 0x0000000084300000|  0%| F|  |TAMS 0x0000000084200000, 0x0000000084200000| Untracked 
|  67|0x0000000084300000, 0x0000000084300000, 0x0000000084400000|  0%| F|  |TAMS 0x0000000084300000, 0x0000000084300000| Untracked 
|  68|0x0000000084400000, 0x0000000084400000, 0x0000000084500000|  0%| F|  |TAMS 0x0000000084400000, 0x0000000084400000| Untracked 
|  69|0x0000000084500000, 0x0000000084500000, 0x0000000084600000|  0%| F|  |TAMS 0x0000000084500000, 0x0000000084500000| Untracked 
|  70|0x0000000084600000, 0x0000000084600000, 0x0000000084700000|  0%| F|  |TAMS 0x0000000084600000, 0x0000000084600000| Untracked 
|  71|0x0000000084700000, 0x0000000084700000, 0x0000000084800000|  0%| F|  |TAMS 0x0000000084700000, 0x0000000084700000| Untracked 
|  72|0x0000000084800000, 0x0000000084800000, 0x0000000084900000|  0%| F|  |TAMS 0x0000000084800000, 0x0000000084800000| Untracked 
|  73|0x0000000084900000, 0x0000000084900000, 0x0000000084a00000|  0%| F|  |TAMS 0x0000000084900000, 0x0000000084900000| Untracked 
|  74|0x0000000084a00000, 0x0000000084a00000, 0x0000000084b00000|  0%| F|  |TAMS 0x0000000084a00000, 0x0000000084a00000| Untracked 
|  75|0x0000000084b00000, 0x0000000084b00000, 0x0000000084c00000|  0%| F|  |TAMS 0x0000000084b00000, 0x0000000084b00000| Untracked 
|  76|0x0000000084c00000, 0x0000000084ca7dd8, 0x0000000084d00000| 65%| S|CS|TAMS 0x0000000084c00000, 0x0000000084c00000| Complete 
|  77|0x0000000084d00000, 0x0000000084d00000, 0x0000000084e00000|  0%| F|  |TAMS 0x0000000084d00000, 0x0000000084d00000| Untracked 
|  78|0x0000000084e00000, 0x0000000084e00000, 0x0000000084f00000|  0%| F|  |TAMS 0x0000000084e00000, 0x0000000084e00000| Untracked 
|  79|0x0000000084f00000, 0x0000000084f00000, 0x0000000085000000|  0%| F|  |TAMS 0x0000000084f00000, 0x0000000084f00000| Untracked 
|  80|0x0000000085000000, 0x0000000085000000, 0x0000000085100000|  0%| F|  |TAMS 0x0000000085000000, 0x0000000085000000| Untracked 
|  81|0x0000000085100000, 0x0000000085100000, 0x0000000085200000|  0%| F|  |TAMS 0x0000000085100000, 0x0000000085100000| Untracked 
|  82|0x0000000085200000, 0x0000000085200000, 0x0000000085300000|  0%| F|  |TAMS 0x0000000085200000, 0x0000000085200000| Untracked 
|  83|0x0000000085300000, 0x0000000085300000, 0x0000000085400000|  0%| F|  |TAMS 0x0000000085300000, 0x0000000085300000| Untracked 
|  84|0x0000000085400000, 0x0000000085400000, 0x0000000085500000|  0%| F|  |TAMS 0x0000000085400000, 0x0000000085400000| Untracked 
|  85|0x0000000085500000, 0x0000000085500000, 0x0000000085600000|  0%| F|  |TAMS 0x0000000085500000, 0x0000000085500000| Untracked 
|  86|0x0000000085600000, 0x0000000085600000, 0x0000000085700000|  0%| F|  |TAMS 0x0000000085600000, 0x0000000085600000| Untracked 
|  87|0x0000000085700000, 0x0000000085700000, 0x0000000085800000|  0%| F|  |TAMS 0x0000000085700000, 0x0000000085700000| Untracked 
|  88|0x0000000085800000, 0x0000000085800000, 0x0000000085900000|  0%| F|  |TAMS 0x0000000085800000, 0x0000000085800000| Untracked 
|  89|0x0000000085900000, 0x0000000085900000, 0x0000000085a00000|  0%| F|  |TAMS 0x0000000085900000, 0x0000000085900000| Untracked 
|  90|0x0000000085a00000, 0x0000000085a00000, 0x0000000085b00000|  0%| F|  |TAMS 0x0000000085a00000, 0x0000000085a00000| Untracked 
|  91|0x0000000085b00000, 0x0000000085b00000, 0x0000000085c00000|  0%| F|  |TAMS 0x0000000085b00000, 0x0000000085b00000| Untracked 
|  92|0x0000000085c00000, 0x0000000085c00000, 0x0000000085d00000|  0%| F|  |TAMS 0x0000000085c00000, 0x0000000085c00000| Untracked 
|  93|0x0000000085d00000, 0x0000000085d00000, 0x0000000085e00000|  0%| F|  |TAMS 0x0000000085d00000, 0x0000000085d00000| Untracked 
|  94|0x0000000085e00000, 0x0000000085e00000, 0x0000000085f00000|  0%| F|  |TAMS 0x0000000085e00000, 0x0000000085e00000| Untracked 
|  95|0x0000000085f00000, 0x0000000085f00000, 0x0000000086000000|  0%| F|  |TAMS 0x0000000085f00000, 0x0000000085f00000| Untracked 
|  96|0x0000000086000000, 0x0000000086000000, 0x0000000086100000|  0%| F|  |TAMS 0x0000000086000000, 0x0000000086000000| Untracked 
|  97|0x0000000086100000, 0x0000000086100000, 0x0000000086200000|  0%| F|  |TAMS 0x0000000086100000, 0x0000000086100000| Untracked 
|  98|0x0000000086200000, 0x0000000086200000, 0x0000000086300000|  0%| F|  |TAMS 0x0000000086200000, 0x0000000086200000| Untracked 
|  99|0x0000000086300000, 0x0000000086300000, 0x0000000086400000|  0%| F|  |TAMS 0x0000000086300000, 0x0000000086300000| Untracked 
| 100|0x0000000086400000, 0x0000000086400000, 0x0000000086500000|  0%| F|  |TAMS 0x0000000086400000, 0x0000000086400000| Untracked 
| 101|0x0000000086500000, 0x0000000086500000, 0x0000000086600000|  0%| F|  |TAMS 0x0000000086500000, 0x0000000086500000| Untracked 
| 102|0x0000000086600000, 0x0000000086600000, 0x0000000086700000|  0%| F|  |TAMS 0x0000000086600000, 0x0000000086600000| Untracked 
| 103|0x0000000086700000, 0x0000000086700000, 0x0000000086800000|  0%| F|  |TAMS 0x0000000086700000, 0x0000000086700000| Untracked 
| 104|0x0000000086800000, 0x0000000086800000, 0x0000000086900000|  0%| F|  |TAMS 0x0000000086800000, 0x0000000086800000| Untracked 
| 105|0x0000000086900000, 0x0000000086900000, 0x0000000086a00000|  0%| F|  |TAMS 0x0000000086900000, 0x0000000086900000| Untracked 
| 106|0x0000000086a00000, 0x0000000086a00000, 0x0000000086b00000|  0%| F|  |TAMS 0x0000000086a00000, 0x0000000086a00000| Untracked 
| 107|0x0000000086b00000, 0x0000000086b00000, 0x0000000086c00000|  0%| F|  |TAMS 0x0000000086b00000, 0x0000000086b00000| Untracked 
| 108|0x0000000086c00000, 0x0000000086c00000, 0x0000000086d00000|  0%| F|  |TAMS 0x0000000086c00000, 0x0000000086c00000| Untracked 
| 109|0x0000000086d00000, 0x0000000086d00000, 0x0000000086e00000|  0%| F|  |TAMS 0x0000000086d00000, 0x0000000086d00000| Untracked 
| 110|0x0000000086e00000, 0x0000000086e00000, 0x0000000086f00000|  0%| F|  |TAMS 0x0000000086e00000, 0x0000000086e00000| Untracked 
| 111|0x0000000086f00000, 0x0000000086f00000, 0x0000000087000000|  0%| F|  |TAMS 0x0000000086f00000, 0x0000000086f00000| Untracked 
| 112|0x0000000087000000, 0x0000000087000000, 0x0000000087100000|  0%| F|  |TAMS 0x0000000087000000, 0x0000000087000000| Untracked 
| 113|0x0000000087100000, 0x0000000087100000, 0x0000000087200000|  0%| F|  |TAMS 0x0000000087100000, 0x0000000087100000| Untracked 
| 114|0x0000000087200000, 0x0000000087200000, 0x0000000087300000|  0%| F|  |TAMS 0x0000000087200000, 0x0000000087200000| Untracked 
| 115|0x0000000087300000, 0x0000000087300000, 0x0000000087400000|  0%| F|  |TAMS 0x0000000087300000, 0x0000000087300000| Untracked 
| 116|0x0000000087400000, 0x0000000087400000, 0x0000000087500000|  0%| F|  |TAMS 0x0000000087400000, 0x0000000087400000| Untracked 
| 117|0x0000000087500000, 0x0000000087500000, 0x0000000087600000|  0%| F|  |TAMS 0x0000000087500000, 0x0000000087500000| Untracked 
| 118|0x0000000087600000, 0x0000000087600000, 0x0000000087700000|  0%| F|  |TAMS 0x0000000087600000, 0x0000000087600000| Untracked 
| 119|0x0000000087700000, 0x0000000087700000, 0x0000000087800000|  0%| F|  |TAMS 0x0000000087700000, 0x0000000087700000| Untracked 
| 120|0x0000000087800000, 0x0000000087800000, 0x0000000087900000|  0%| F|  |TAMS 0x0000000087800000, 0x0000000087800000| Untracked 
| 121|0x0000000087900000, 0x0000000087900000, 0x0000000087a00000|  0%| F|  |TAMS 0x0000000087900000, 0x0000000087900000| Untracked 
| 122|0x0000000087a00000, 0x0000000087a00000, 0x0000000087b00000|  0%| F|  |TAMS 0x0000000087a00000, 0x0000000087a00000| Untracked 
| 123|0x0000000087b00000, 0x0000000087b00000, 0x0000000087c00000|  0%| F|  |TAMS 0x0000000087b00000, 0x0000000087b00000| Untracked 
| 124|0x0000000087c00000, 0x0000000087c00000, 0x0000000087d00000|  0%| F|  |TAMS 0x0000000087c00000, 0x0000000087c00000| Untracked 
| 125|0x0000000087d00000, 0x0000000087d00000, 0x0000000087e00000|  0%| F|  |TAMS 0x0000000087d00000, 0x0000000087d00000| Untracked 
| 126|0x0000000087e00000, 0x0000000087e00000, 0x0000000087f00000|  0%| F|  |TAMS 0x0000000087e00000, 0x0000000087e00000| Untracked 
| 127|0x0000000087f00000, 0x0000000087f00000, 0x0000000088000000|  0%| F|  |TAMS 0x0000000087f00000, 0x0000000087f00000| Untracked 
| 128|0x0000000088000000, 0x0000000088000000, 0x0000000088100000|  0%| F|  |TAMS 0x0000000088000000, 0x0000000088000000| Untracked 
| 129|0x0000000088100000, 0x0000000088100000, 0x0000000088200000|  0%| F|  |TAMS 0x0000000088100000, 0x0000000088100000| Untracked 
| 130|0x0000000088200000, 0x0000000088200000, 0x0000000088300000|  0%| F|  |TAMS 0x0000000088200000, 0x0000000088200000| Untracked 
| 244|0x000000008f400000, 0x000000008f400000, 0x000000008f500000|  0%| F|  |TAMS 0x000000008f400000, 0x000000008f400000| Untracked 
| 245|0x000000008f500000, 0x000000008f500000, 0x000000008f600000|  0%| F|  |TAMS 0x000000008f500000, 0x000000008f500000| Untracked 

Card table byte_map: [0x00000173f2890000,0x00000173f2c90000] _byte_map_base: 0x00000173f2490000

Marking Bits (Prev, Next): (CMBitMap*) 0x00000173ea67c7e0, (CMBitMap*) 0x00000173ea67c7a0
 Prev Bits: [0x00000173f5090000, 0x00000173f7090000)
 Next Bits: [0x00000173f3090000, 0x00000173f5090000)

Polling page: 0x00000173e85a0000

Metaspace:

Usage:
  Non-class:     52.45 MB used.
      Class:      8.71 MB used.
       Both:     61.16 MB used.

Virtual space:
  Non-class space:       64.00 MB reserved,      53.38 MB ( 83%) committed,  1 nodes.
      Class space:      412.00 MB reserved,       9.69 MB (  2%) committed,  1 nodes.
             Both:      476.00 MB reserved,      63.06 MB ( 13%) committed. 

Chunk freelists:
   Non-Class:  2.47 MB
       Class:  2.31 MB
        Both:  4.78 MB

MaxMetaspaceSize: 512.00 MB
CompressedClassSpaceSize: 412.00 MB
Initial GC threshold: 21.00 MB
Current GC threshold: 98.25 MB
CDS: on
MetaspaceReclaimPolicy: balanced
 - commit_granule_bytes: 65536.
 - commit_granule_words: 8192.
 - virtual_space_node_default_size: 8388608.
 - enlarge_chunks_in_place: 1.
 - new_chunks_are_fully_committed: 0.
 - uncommit_free_chunks: 1.
 - use_allocation_guard: 0.


Internal statistics:

num_allocs_failed_limit: 6.
num_arena_births: 3460.
num_arena_deaths: 0.
num_vsnodes_births: 2.
num_vsnodes_deaths: 0.
num_space_committed: 1009.
num_space_uncommitted: 0.
num_chunks_returned_to_freelist: 6.
num_chunks_taken_from_freelist: 6490.
num_chunk_merges: 6.
num_chunk_splits: 4178.
num_chunks_enlarged: 2514.
num_inconsistent_stats: 0.

CodeHeap 'non-profiled nmethods': size=120000Kb used=3180Kb max_used=3180Kb free=116820Kb
 bounds [0x0000017387ad0000, 0x0000017387df0000, 0x000001738f000000]
CodeHeap 'profiled nmethods': size=120000Kb used=11342Kb max_used=11342Kb free=108657Kb
 bounds [0x00000173805a0000, 0x00000173810c0000, 0x0000017387ad0000]
CodeHeap 'non-nmethods': size=5760Kb used=2375Kb max_used=2404Kb free=3384Kb
 bounds [0x0000017380000000, 0x0000017380270000, 0x00000173805a0000]
 total_blobs=6807 nmethods=5917 adapters=802
 compilation: enabled
              stopped_count=0, restarted_count=0
 full_count=0

Compilation events (20 events):
Event: 18.445 Thread 0x00000173f9cef2e0 6734       3       org.gradle.internal.ImmutableActionSet$EmptySet::addOne (9 bytes)
Event: 18.446 Thread 0x00000173f9cef2e0 nmethod 6734 0x00000173810af310 code [0x00000173810af4c0, 0x00000173810af798]
Event: 18.446 Thread 0x00000173f9cef2e0 6735       3       org.gradle.internal.ImmutableActionSet$SingletonSet::<init> (10 bytes)
Event: 18.446 Thread 0x00000173f9cef2e0 nmethod 6735 0x00000173810af910 code [0x00000173810afac0, 0x00000173810afcd8]
Event: 18.451 Thread 0x00000173f9cef2e0 6736       3       org.gradle.cache.Cache::get (14 bytes)
Event: 18.452 Thread 0x00000173f9cef2e0 nmethod 6736 0x00000173810afe10 code [0x00000173810b0020, 0x00000173810b06f8]
Event: 18.452 Thread 0x00000173f9cef2e0 6737       3       org.gradle.cache.Cache$$Lambda$77/0x0000000800cff458::<init> (10 bytes)
Event: 18.452 Thread 0x00000173f9cef2e0 nmethod 6737 0x00000173810b0910 code [0x00000173810b0aa0, 0x00000173810b0c58]
Event: 18.460 Thread 0x00000173f9cef2e0 6740       3       java.util.regex.Pattern$CharPropertyGreedy::study (45 bytes)
Event: 18.460 Thread 0x00000173922725c0 nmethod 6726 0x0000017387de8690 code [0x0000017387de8900, 0x0000017387dea340]
Event: 18.460 Thread 0x00000173922725c0 6738   !   4       jdk.internal.loader.BuiltinClassLoader::loadClassOrNull (143 bytes)
Event: 18.460 Thread 0x00000173f9cef2e0 nmethod 6740 0x00000173810b0d10 code [0x00000173810b0ec0, 0x00000173810b1108]
Event: 18.460 Thread 0x00000173f9cef2e0 6741       3       java.util.regex.Pattern$BitClass::add (97 bytes)
Event: 18.462 Thread 0x00000173f9cef2e0 nmethod 6741 0x00000173810b1210 code [0x00000173810b1460, 0x00000173810b1db8]
Event: 18.481 Thread 0x00000173f9cef2e0 6742       3       org.gradle.api.internal.artifacts.ivyservice.moduleconverter.DefaultRootComponentMetadataBuilder$MetadataHolder::currentValue (23 bytes)
Event: 18.481 Thread 0x00000173f9cef2e0 nmethod 6742 0x00000173810b2190 code [0x00000173810b2340, 0x00000173810b2688]
Event: 18.481 Thread 0x00000173f9cef2e0 6743       3       org.gradle.api.internal.artifacts.ivyservice.moduleconverter.DefaultRootComponentMetadataBuilder$MetadataHolder::validateMutation (51 bytes)
Event: 18.482 Thread 0x00000173f9cef2e0 nmethod 6743 0x00000173810b2790 code [0x00000173810b29a0, 0x00000173810b3268]
Event: 18.482 Thread 0x00000173f9cef2e0 6744       3       org.gradle.api.internal.artifacts.configurations.DefaultConfiguration::markAsModified (22 bytes)
Event: 18.482 Thread 0x00000173f9cef2e0 nmethod 6744 0x00000173810b3510 code [0x00000173810b36c0, 0x00000173810b38b8]

GC Heap History (20 events):
Event: 15.310 GC heap after
{Heap after GC invocations=13 (full 0):
 garbage-first heap   total 89088K, used 43993K [0x0000000080000000, 0x0000000100000000)
  region size 1024K, 5 young (5120K), 5 survivors (5120K)
 Metaspace       used 50360K, committed 52032K, reserved 487424K
  class space    used 7164K, committed 8000K, reserved 421888K
}
Event: 15.316 GC heap before
{Heap before GC invocations=13 (full 0):
 garbage-first heap   total 89088K, used 46041K [0x0000000080000000, 0x0000000100000000)
  region size 1024K, 6 young (6144K), 5 survivors (5120K)
 Metaspace       used 50360K, committed 52032K, reserved 487424K
  class space    used 7164K, committed 8000K, reserved 421888K
}
Event: 15.321 GC heap after
{Heap after GC invocations=14 (full 0):
 garbage-first heap   total 89088K, used 47016K [0x0000000080000000, 0x0000000100000000)
  region size 1024K, 1 young (1024K), 1 survivors (1024K)
 Metaspace       used 50360K, committed 52032K, reserved 487424K
  class space    used 7164K, committed 8000K, reserved 421888K
}
Event: 15.994 GC heap before
{Heap before GC invocations=15 (full 0):
 garbage-first heap   total 89088K, used 80808K [0x0000000080000000, 0x0000000100000000)
  region size 1024K, 24 young (24576K), 1 survivors (1024K)
 Metaspace       used 52840K, committed 54592K, reserved 487424K
  class space    used 7511K, committed 8448K, reserved 421888K
}
Event: 15.997 GC heap after
{Heap after GC invocations=16 (full 0):
 garbage-first heap   total 89088K, used 59404K [0x0000000080000000, 0x0000000100000000)
  region size 1024K, 3 young (3072K), 3 survivors (3072K)
 Metaspace       used 52840K, committed 54592K, reserved 487424K
  class space    used 7511K, committed 8448K, reserved 421888K
}
Event: 16.025 GC heap before
{Heap before GC invocations=16 (full 0):
 garbage-first heap   total 89088K, used 60428K [0x0000000080000000, 0x0000000100000000)
  region size 1024K, 4 young (4096K), 3 survivors (3072K)
 Metaspace       used 52957K, committed 54720K, reserved 487424K
  class space    used 7521K, committed 8448K, reserved 421888K
}
Event: 16.028 GC heap after
{Heap after GC invocations=17 (full 0):
 garbage-first heap   total 89088K, used 58978K [0x0000000080000000, 0x0000000100000000)
  region size 1024K, 1 young (1024K), 1 survivors (1024K)
 Metaspace       used 52957K, committed 54720K, reserved 487424K
  class space    used 7521K, committed 8448K, reserved 421888K
}
Event: 16.385 GC heap before
{Heap before GC invocations=17 (full 0):
 garbage-first heap   total 89088K, used 72290K [0x0000000080000000, 0x0000000100000000)
  region size 1024K, 14 young (14336K), 1 survivors (1024K)
 Metaspace       used 53964K, committed 55744K, reserved 487424K
  class space    used 7662K, committed 8576K, reserved 421888K
}
Event: 16.388 GC heap after
{Heap after GC invocations=18 (full 0):
 garbage-first heap   total 89088K, used 59418K [0x0000000080000000, 0x0000000100000000)
  region size 1024K, 1 young (1024K), 1 survivors (1024K)
 Metaspace       used 53964K, committed 55744K, reserved 487424K
  class space    used 7662K, committed 8576K, reserved 421888K
}
Event: 16.717 GC heap before
{Heap before GC invocations=19 (full 0):
 garbage-first heap   total 104448K, used 70682K [0x0000000080000000, 0x0000000100000000)
  region size 1024K, 13 young (13312K), 1 survivors (1024K)
 Metaspace       used 55442K, committed 57152K, reserved 487424K
  class space    used 7867K, committed 8768K, reserved 421888K
}
Event: 16.720 GC heap after
{Heap after GC invocations=20 (full 0):
 garbage-first heap   total 104448K, used 59770K [0x0000000080000000, 0x0000000100000000)
  region size 1024K, 1 young (1024K), 1 survivors (1024K)
 Metaspace       used 55442K, committed 57152K, reserved 487424K
  class space    used 7867K, committed 8768K, reserved 421888K
}
Event: 16.838 GC heap before
{Heap before GC invocations=20 (full 0):
 garbage-first heap   total 104448K, used 63866K [0x0000000080000000, 0x0000000100000000)
  region size 1024K, 5 young (5120K), 1 survivors (1024K)
 Metaspace       used 56020K, committed 57728K, reserved 487424K
  class space    used 7933K, committed 8832K, reserved 421888K
}
Event: 16.842 GC heap after
{Heap after GC invocations=21 (full 0):
 garbage-first heap   total 104448K, used 58217K [0x0000000080000000, 0x0000000100000000)
  region size 1024K, 1 young (1024K), 1 survivors (1024K)
 Metaspace       used 56020K, committed 57728K, reserved 487424K
  class space    used 7933K, committed 8832K, reserved 421888K
}
Event: 17.415 GC heap before
{Heap before GC invocations=21 (full 0):
 garbage-first heap   total 104448K, used 84841K [0x0000000080000000, 0x0000000100000000)
  region size 1024K, 27 young (27648K), 1 survivors (1024K)
 Metaspace       used 58540K, committed 60352K, reserved 487424K
  class space    used 8292K, committed 9216K, reserved 421888K
}
Event: 17.422 GC heap after
{Heap after GC invocations=22 (full 0):
 garbage-first heap   total 104448K, used 60060K [0x0000000080000000, 0x0000000100000000)
  region size 1024K, 3 young (3072K), 3 survivors (3072K)
 Metaspace       used 58540K, committed 60352K, reserved 487424K
  class space    used 8292K, committed 9216K, reserved 421888K
}
Event: 18.032 GC heap before
{Heap before GC invocations=23 (full 0):
 garbage-first heap   total 104448K, used 85660K [0x0000000080000000, 0x0000000100000000)
  region size 1024K, 28 young (28672K), 3 survivors (3072K)
 Metaspace       used 60925K, committed 62912K, reserved 487424K
  class space    used 8706K, committed 9728K, reserved 421888K
}
Event: 18.038 GC heap after
{Heap after GC invocations=24 (full 0):
 garbage-first heap   total 104448K, used 61371K [0x0000000080000000, 0x0000000100000000)
  region size 1024K, 4 young (4096K), 4 survivors (4096K)
 Metaspace       used 60925K, committed 62912K, reserved 487424K
  class space    used 8706K, committed 9728K, reserved 421888K
}
Event: 18.055 GC heap before
{Heap before GC invocations=24 (full 0):
 garbage-first heap   total 104448K, used 62395K [0x0000000080000000, 0x0000000100000000)
  region size 1024K, 5 young (5120K), 4 survivors (4096K)
 Metaspace       used 61046K, committed 63040K, reserved 487424K
  class space    used 8716K, committed 9728K, reserved 421888K
}
Event: 18.059 GC heap after
{Heap after GC invocations=25 (full 0):
 garbage-first heap   total 104448K, used 61165K [0x0000000080000000, 0x0000000100000000)
  region size 1024K, 1 young (1024K), 1 survivors (1024K)
 Metaspace       used 61046K, committed 63040K, reserved 487424K
  class space    used 8716K, committed 9728K, reserved 421888K
}
Event: 18.483 GC heap before
{Heap before GC invocations=25 (full 0):
 garbage-first heap   total 104448K, used 84717K [0x0000000080000000, 0x0000000100000000)
  region size 1024K, 25 young (25600K), 1 survivors (1024K)
 Metaspace       used 62630K, committed 64576K, reserved 487424K
  class space    used 8917K, committed 9920K, reserved 421888K
}

Deoptimization events (20 events):
Event: 17.794 Thread 0x00000173fedfa460 Uncommon trap: trap_request=0xffffffde fr.pc=0x0000017387d2fcd8 relative=0x00000000000006d8
Event: 17.794 Thread 0x00000173fedfa460 Uncommon trap: reason=class_check action=maybe_recompile pc=0x0000017387d2fcd8 method=java.util.regex.Matcher.search(I)Z @ 121 c2
Event: 17.794 Thread 0x00000173fedfa460 DEOPT PACKING pc=0x0000017387d2fcd8 sp=0x00000039231f5e60
Event: 17.794 Thread 0x00000173fedfa460 DEOPT UNPACKING pc=0x00000173800523a3 sp=0x00000039231f5dc8 mode 2
Event: 17.794 Thread 0x00000173fedfa460 Uncommon trap: trap_request=0xffffffde fr.pc=0x0000017387d2e140 relative=0x00000000000006c0
Event: 17.794 Thread 0x00000173fedfa460 Uncommon trap: reason=class_check action=maybe_recompile pc=0x0000017387d2e140 method=java.util.regex.Matcher.search(I)Z @ 121 c2
Event: 17.794 Thread 0x00000173fedfa460 DEOPT PACKING pc=0x0000017387d2e140 sp=0x00000039231f5de0
Event: 17.794 Thread 0x00000173fedfa460 DEOPT UNPACKING pc=0x00000173800523a3 sp=0x00000039231f5dc0 mode 2
Event: 18.104 Thread 0x00000173fedfa460 Uncommon trap: trap_request=0xffffffdc fr.pc=0x0000017387ddd98c relative=0x000000000000026c
Event: 18.104 Thread 0x00000173fedfa460 Uncommon trap: reason=class_check action=make_not_entrant pc=0x0000017387ddd98c method=java.util.ArrayList.toArray([Ljava/lang/Object;)[Ljava/lang/Object; @ 21 c2
Event: 18.104 Thread 0x00000173fedfa460 DEOPT PACKING pc=0x0000017387ddd98c sp=0x00000039231f6400
Event: 18.104 Thread 0x00000173fedfa460 DEOPT UNPACKING pc=0x00000173800523a3 sp=0x00000039231f63c0 mode 2
Event: 18.252 Thread 0x00000173fedfa460 Uncommon trap: trap_request=0xffffffcc fr.pc=0x0000017387de3b08 relative=0x0000000000000268
Event: 18.252 Thread 0x00000173fedfa460 Uncommon trap: reason=intrinsic_or_type_checked_inlining action=make_not_entrant pc=0x0000017387de3b08 method=java.util.ArrayList.toArray([Ljava/lang/Object;)[Ljava/lang/Object; @ 36 c2
Event: 18.252 Thread 0x00000173fedfa460 DEOPT PACKING pc=0x0000017387de3b08 sp=0x00000039231f6200
Event: 18.252 Thread 0x00000173fedfa460 DEOPT UNPACKING pc=0x00000173800523a3 sp=0x00000039231f61e0 mode 2
Event: 18.325 Thread 0x00000173fedfa460 Uncommon trap: trap_request=0xffffff45 fr.pc=0x0000017387c02a50 relative=0x0000000000001310
Event: 18.325 Thread 0x00000173fedfa460 Uncommon trap: reason=unstable_if action=reinterpret pc=0x0000017387c02a50 method=java.util.concurrent.ConcurrentHashMap.computeIfAbsent(Ljava/lang/Object;Ljava/util/function/Function;)Ljava/lang/Object; @ 123 c2
Event: 18.325 Thread 0x00000173fedfa460 DEOPT PACKING pc=0x0000017387c02a50 sp=0x00000039231f6200
Event: 18.325 Thread 0x00000173fedfa460 DEOPT UNPACKING pc=0x00000173800523a3 sp=0x00000039231f6180 mode 2

Classes loaded (20 events):
Event: 17.527 Loading class com/sun/org/apache/xerces/internal/utils/XMLSecurityManager
Event: 17.527 Loading class com/sun/org/apache/xerces/internal/utils/XMLSecurityManager done
Event: 17.527 Loading class com/sun/org/apache/xerces/internal/utils/XMLSecurityManager$Limit
Event: 17.527 Loading class com/sun/org/apache/xerces/internal/utils/XMLSecurityManager$Limit done
Event: 17.527 Loading class com/sun/org/apache/xerces/internal/utils/XMLSecurityManager$NameMap
Event: 17.527 Loading class com/sun/org/apache/xerces/internal/utils/XMLSecurityManager$NameMap done
Event: 17.527 Loading class com/sun/org/apache/xerces/internal/utils/XMLSecurityPropertyManager
Event: 17.527 Loading class com/sun/org/apache/xerces/internal/utils/XMLSecurityPropertyManager done
Event: 17.527 Loading class com/sun/org/apache/xerces/internal/utils/XMLSecurityPropertyManager$State
Event: 17.527 Loading class com/sun/org/apache/xerces/internal/utils/XMLSecurityPropertyManager$State done
Event: 17.528 Loading class com/sun/org/apache/xerces/internal/utils/XMLSecurityPropertyManager$Property
Event: 17.528 Loading class com/sun/org/apache/xerces/internal/utils/XMLSecurityPropertyManager$Property done
Event: 17.560 Loading class java/util/regex/Pattern$SliceI
Event: 17.560 Loading class java/util/regex/Pattern$SliceI done
Event: 17.600 Loading class java/lang/Byte$ByteCache
Event: 17.600 Loading class java/lang/Byte$ByteCache done
Event: 18.217 Loading class java/util/AbstractList$ListItr
Event: 18.218 Loading class java/util/AbstractList$ListItr done
Event: 18.333 Loading class java/util/regex/Pattern$1
Event: 18.333 Loading class java/util/regex/Pattern$1 done

Classes unloaded (0 events):
No events

Classes redefined (0 events):
No events

Internal exceptions (20 events):
Event: 15.446 Thread 0x00000173fedfa460 Exception <a 'java/lang/NoSuchMethodError'{0x0000000087e60ea8}: static Lorg/jetbrains/kotlin/gradle/plugin/internal/DefaultArtifactTypeAttributeAccessorVariantFactory;.<clinit>()V> (0x0000000087e60ea8) 
thrown [s\open\src\hotspot\share\prims\jni.cpp, line 1104]
Event: 15.451 Thread 0x00000173fedfa460 Exception <a 'java/lang/NoSuchMethodError'{0x0000000087e90038}: static Lorg/jetbrains/kotlin/gradle/plugin/internal/DefaultCompatibilityConventionRegistrar$Factory;.<clinit>()V> (0x0000000087e90038) 
thrown [s\open\src\hotspot\share\prims\jni.cpp, line 1104]
Event: 15.455 Thread 0x00000173fedfa460 Exception <a 'java/lang/NoSuchMethodError'{0x0000000087eb1820}: static Lorg/jetbrains/kotlin/gradle/plugin/internal/DefaultJavaSourceSetsAccessorVariantFactory;.<clinit>()V> (0x0000000087eb1820) 
thrown [s\open\src\hotspot\share\prims\jni.cpp, line 1104]
Event: 15.458 Thread 0x00000173fedfa460 Exception <a 'java/lang/NoSuchMethodError'{0x0000000087ed26a0}: static Lorg/jetbrains/kotlin/gradle/plugin/internal/DefaultIdeaSyncDetectorVariantFactory;.<clinit>()V> (0x0000000087ed26a0) 
thrown [s\open\src\hotspot\share\prims\jni.cpp, line 1104]
Event: 15.462 Thread 0x00000173fedfa460 Exception <a 'java/lang/NoSuchMethodError'{0x0000000087ef4ae0}: static Lorg/jetbrains/kotlin/gradle/plugin/internal/DefaultKotlinTestReportCompatibilityHelperVariantFactory;.<clinit>()V> (0x0000000087ef4ae0) 
thrown [s\open\src\hotspot\share\prims\jni.cpp, line 1104]
Event: 15.465 Thread 0x00000173fedfa460 Exception <a 'java/lang/NoSuchMethodError'{0x0000000087d211d8}: static Lorg/jetbrains/kotlin/gradle/plugin/internal/DefaultMppTestReportHelperVariantFactory;.<clinit>()V> (0x0000000087d211d8) 
thrown [s\open\src\hotspot\share\prims\jni.cpp, line 1104]
Event: 15.469 Thread 0x00000173fedfa460 Exception <a 'java/lang/NoSuchMethodError'{0x0000000087d50768}: static Lorg/jetbrains/kotlin/gradle/plugin/internal/DefaultConfigurationCacheStartParameterAccessorVariantFactory;.<clinit>()V> (0x0000000087d50768) 
thrown [s\open\src\hotspot\share\prims\jni.cpp, line 1104]
Event: 15.472 Thread 0x00000173fedfa460 Exception <a 'java/lang/NoSuchMethodError'{0x0000000087d73170}: static Lorg/jetbrains/kotlin/gradle/plugin/internal/MavenPluginConfigurator$DefaultMavenPluginConfiguratorVariantFactory;.<clinit>()V> (0x0000000087d73170) 
thrown [s\open\src\hotspot\share\prims\jni.cpp, line 1104]
Event: 15.474 Thread 0x00000173fedfa460 Exception <a 'java/lang/NoSuchMethodError'{0x0000000087d949d0}: static Lorg/jetbrains/kotlin/gradle/targets/js/nodejs/DefaultUnameExecutorVariantFactory;.<clinit>()V> (0x0000000087d949d0) 
thrown [s\open\src\hotspot\share\prims\jni.cpp, line 1104]
Event: 15.476 Thread 0x00000173fedfa460 Exception <a 'java/lang/NoSuchMethodError'{0x0000000087db62e8}: static Lorg/jetbrains/kotlin/gradle/plugin/internal/DefaultBasePluginConfigurationVariantFactory;.<clinit>()V> (0x0000000087db62e8) 
thrown [s\open\src\hotspot\share\prims\jni.cpp, line 1104]
Event: 15.518 Thread 0x00000173fedfa460 Exception <a 'java/lang/IncompatibleClassChangeError'{0x0000000087b1c028}: Found class java.lang.Object, but interface was expected> (0x0000000087b1c028) 
thrown [s\open\src\hotspot\share\interpreter\linkResolver.cpp, line 826]
Event: 16.047 Thread 0x00000173fedfa460 Implicit null exception at 0x0000017387d592d8 to 0x0000017387d59344
Event: 16.047 Thread 0x00000173fedfa460 Implicit null exception at 0x0000017387b49cce to 0x0000017387b4b39c
Event: 16.050 Thread 0x00000173fedfa460 Exception <a 'java/lang/NoSuchMethodError'{0x000000008f5dbeb0}: 'long java.lang.invoke.DelegatingMethodHandle$Holder.reinvoke_L(java.lang.Object, java.lang.Object)'> (0x000000008f5dbeb0) 
thrown [s\open\src\hotspot\share\interpreter\linkResolver.cpp, line 759]
Event: 16.638 Thread 0x00000173fedfa460 Implicit null exception at 0x0000017387b103d2 to 0x0000017387b108c8
Event: 16.859 Thread 0x00000173fedfa460 Implicit null exception at 0x0000017387b26f52 to 0x0000017387b2743c
Event: 17.530 Thread 0x00000173fedfa460 Exception <a 'java/lang/NoSuchMethodError'{0x000000008822eec8}: 'java.lang.Object java.lang.invoke.DirectMethodHandle$Holder.newInvokeSpecial(java.lang.Object, java.lang.Object, java.lang.Object, java.lang.Object, java.lang.Object, java.lang.Object, java.lang.Object, java.lang.Object, java.lang.Object, java.lang.Object, java.lang.Object, java.lang.Object, java.lang.Object, java.lang.Object, java.lang.Object, java.lang.Object)'> (0x000000008822eec8) 
thrown [s\open\src\hotspot\share\interpreter\linkResolver
Event: 17.530 Thread 0x00000173fedfa460 Exception <a 'java/lang/NoSuchMethodError'{0x0000000088236298}: 'java.lang.Object java.lang.invoke.DirectMethodHandle$Holder.invokeSpecial(java.lang.Object, java.lang.Object, java.lang.Object, java.lang.Object, java.lang.Object, java.lang.Object, java.lang.Object, java.lang.Object, java.lang.Object, java.lang.Object, java.lang.Object, java.lang.Object, java.lang.Object, java.lang.Object, java.lang.Object, java.lang.Object, java.lang.Object)'> (0x0000000088236298) 
thrown [s\open\src\hotspot\share\interpret
Event: 17.861 Thread 0x00000173fedfa460 Exception <a 'java/lang/NoSuchMethodError'{0x0000000085411f10}: 'java.lang.Object java.lang.invoke.DirectMethodHandle$Holder.newInvokeSpecial(java.lang.Object, java.lang.Object, java.lang.Object, java.lang.Object, java.lang.Object, java.lang.Object, java.lang.Object, java.lang.Object, java.lang.Object, java.lang.Object, java.lang.Object, java.lang.Object, java.lang.Object, java.lang.Object, java.lang.Object, java.lang.Object, java.lang.Object, java.lang.Object, java.lang.Object, java.lang.Object, java.lang
Event: 18.237 Thread 0x00000173fedfa460 Exception <a 'java/lang/NoSuchMethodError'{0x000000008770c740}: 'int java.lang.invoke.DirectMethodHandle$Holder.invokeSpecialIFC(java.lang.Object, java.lang.Object, java.lang.Object, java.lang.Object, java.lang.Object)'> (0x000000008770c740) 
thrown [s\open\src\hotspot\share\interpreter\linkResolver.cpp, line 759]

VM Operations (20 events):
Event: 16.444 Executing VM operation: G1Concurrent done
Event: 16.477 Executing VM operation: G1Concurrent
Event: 16.478 Executing VM operation: G1Concurrent done
Event: 16.717 Executing VM operation: G1CollectForAllocation
Event: 16.720 Executing VM operation: G1CollectForAllocation done
Event: 16.838 Executing VM operation: G1CollectForAllocation
Event: 16.842 Executing VM operation: G1CollectForAllocation done
Event: 17.415 Executing VM operation: G1CollectForAllocation
Event: 17.424 Executing VM operation: G1CollectForAllocation done
Event: 17.474 Executing VM operation: G1Concurrent
Event: 17.480 Executing VM operation: G1Concurrent done
Event: 17.510 Executing VM operation: G1Concurrent
Event: 17.510 Executing VM operation: G1Concurrent done
Event: 18.032 Executing VM operation: G1CollectForAllocation
Event: 18.038 Executing VM operation: G1CollectForAllocation done
Event: 18.055 Executing VM operation: G1CollectForAllocation
Event: 18.059 Executing VM operation: G1CollectForAllocation done
Event: 18.219 Executing VM operation: HandshakeAllThreads
Event: 18.219 Executing VM operation: HandshakeAllThreads done
Event: 18.483 Executing VM operation: G1CollectForAllocation

Events (20 events):
Event: 14.753 Thread 0x000001738f543380 Thread added: 0x000001738f543380
Event: 14.861 Thread 0x000001738f5441f0 Thread added: 0x000001738f5441f0
Event: 14.863 Thread 0x000001738f540830 Thread added: 0x000001738f540830
Event: 15.222 Thread 0x000001738f53e680 Thread added: 0x000001738f53e680
Event: 15.223 Thread 0x0000017390937a00 Thread added: 0x0000017390937a00
Event: 15.223 Thread 0x0000017390937ed0 Thread added: 0x0000017390937ed0
Event: 15.223 Thread 0x000001739093e8b0 Thread added: 0x000001739093e8b0
Event: 15.224 Thread 0x00000173909383a0 Thread added: 0x00000173909383a0
Event: 15.224 Thread 0x0000017390939bb0 Thread added: 0x0000017390939bb0
Event: 15.224 Thread 0x0000017390937060 Thread added: 0x0000017390937060
Event: 15.224 Thread 0x000001739093a550 Thread added: 0x000001739093a550
Event: 15.225 Thread 0x000001739093aa20 Thread added: 0x000001739093aa20
Event: 15.225 Thread 0x0000017390938870 Thread added: 0x0000017390938870
Event: 15.225 Thread 0x000001739093b890 Thread added: 0x000001739093b890
Event: 15.254 Thread 0x0000017390f23ec0 Thread added: 0x0000017390f23ec0
Event: 15.424 Thread 0x0000017390f23ec0 Thread exited: 0x0000017390f23ec0
Event: 15.860 Thread 0x0000017390938d40 Thread added: 0x0000017390938d40
Event: 15.925 Thread 0x0000017390f26230 Thread exited: 0x0000017390f26230
Event: 16.598 Thread 0x00000173922725c0 Thread added: 0x00000173922725c0
Event: 17.594 Thread 0x0000017390939210 Thread added: 0x0000017390939210


Dynamic libraries:
0x00007ff668160000 - 0x00007ff668170000 	C:\Program Files\Java\jdk-18.0.2.1\bin\java.exe
0x00007ff835890000 - 0x00007ff835aa7000 	C:\WINDOWS\SYSTEM32\ntdll.dll
0x00007ff834240000 - 0x00007ff834304000 	C:\WINDOWS\System32\KERNEL32.DLL
0x00007ff832e40000 - 0x00007ff8331e7000 	C:\WINDOWS\System32\KERNELBASE.dll
0x00007ff833270000 - 0x00007ff833381000 	C:\WINDOWS\System32\ucrtbase.dll
0x00007ff82c420000 - 0x00007ff82c438000 	C:\Program Files\Java\jdk-18.0.2.1\bin\jli.dll
0x00007ff82c400000 - 0x00007ff82c41a000 	C:\Program Files\Java\jdk-18.0.2.1\bin\VCRUNTIME140.dll
0x00007ff834320000 - 0x00007ff8343d2000 	C:\WINDOWS\System32\ADVAPI32.dll
0x00007ff8343e0000 - 0x00007ff834487000 	C:\WINDOWS\System32\msvcrt.dll
0x00007ff8335c0000 - 0x00007ff833668000 	C:\WINDOWS\System32\sechost.dll
0x00007ff833590000 - 0x00007ff8335b8000 	C:\WINDOWS\System32\bcrypt.dll
0x00007ff8348e0000 - 0x00007ff8349f5000 	C:\WINDOWS\System32\RPCRT4.dll
0x00007ff834570000 - 0x00007ff83471e000 	C:\WINDOWS\System32\USER32.dll
0x00007ff811410000 - 0x00007ff8116a3000 	C:\WINDOWS\WinSxS\amd64_microsoft.windows.common-controls_6595b64144ccf1df_6.0.22621.3527_none_270e469b73872a76\COMCTL32.dll
0x00007ff833560000 - 0x00007ff833586000 	C:\WINDOWS\System32\win32u.dll
0x00007ff8355e0000 - 0x00007ff835609000 	C:\WINDOWS\System32\GDI32.dll
0x00007ff832bb0000 - 0x00007ff832cc9000 	C:\WINDOWS\System32\gdi32full.dll
0x00007ff833400000 - 0x00007ff83349a000 	C:\WINDOWS\System32\msvcp_win.dll
0x00007ff827320000 - 0x00007ff82732a000 	C:\WINDOWS\SYSTEM32\VERSION.dll
0x00007ff835420000 - 0x00007ff835451000 	C:\WINDOWS\System32\IMM32.DLL
0x00007ff80d5b0000 - 0x00007ff80d5bc000 	C:\Program Files\Java\jdk-18.0.2.1\bin\vcruntime140_1.dll
0x00007fffabc90000 - 0x00007fffabd1d000 	C:\Program Files\Java\jdk-18.0.2.1\bin\msvcp140.dll
0x00007fff75980000 - 0x00007fff76591000 	C:\Program Files\Java\jdk-18.0.2.1\bin\server\jvm.dll
0x00007ff834310000 - 0x00007ff834318000 	C:\WINDOWS\System32\PSAPI.DLL
0x00007ff82c3f0000 - 0x00007ff82c3f9000 	C:\WINDOWS\SYSTEM32\WSOCK32.dll
0x00007ff82a920000 - 0x00007ff82a954000 	C:\WINDOWS\SYSTEM32\WINMM.dll
0x00007ff835310000 - 0x00007ff835381000 	C:\WINDOWS\System32\WS2_32.dll
0x00007ff831bd0000 - 0x00007ff831be8000 	C:\WINDOWS\SYSTEM32\kernel.appcore.dll
0x00007ff80d5d0000 - 0x00007ff80d5da000 	C:\Program Files\Java\jdk-18.0.2.1\bin\jimage.dll
0x00007ff8305a0000 - 0x00007ff8307d2000 	C:\WINDOWS\SYSTEM32\DBGHELP.DLL
0x00007ff833820000 - 0x00007ff833ba8000 	C:\WINDOWS\System32\combase.dll
0x00007ff834490000 - 0x00007ff834567000 	C:\WINDOWS\System32\OLEAUT32.dll
0x00007ff81cbc0000 - 0x00007ff81cbf2000 	C:\WINDOWS\SYSTEM32\dbgcore.DLL
0x00007ff8331f0000 - 0x00007ff833269000 	C:\WINDOWS\System32\bcryptPrimitives.dll
0x00007fffabc30000 - 0x00007fffabc3e000 	C:\Program Files\Java\jdk-18.0.2.1\bin\instrument.dll
0x00007ff807b60000 - 0x00007ff807b85000 	C:\Program Files\Java\jdk-18.0.2.1\bin\java.dll
0x00007fff876a0000 - 0x00007fff87776000 	C:\Program Files\Java\jdk-18.0.2.1\bin\jsvml.dll
0x00007ff834a00000 - 0x00007ff83525c000 	C:\WINDOWS\System32\SHELL32.dll
0x00007ff830af0000 - 0x00007ff8313e6000 	C:\WINDOWS\SYSTEM32\windows.storage.dll
0x00007ff8309b0000 - 0x00007ff830aee000 	C:\WINDOWS\SYSTEM32\wintypes.dll
0x00007ff8356c0000 - 0x00007ff8357b5000 	C:\WINDOWS\System32\SHCORE.dll
0x00007ff833bb0000 - 0x00007ff833c0e000 	C:\WINDOWS\System32\shlwapi.dll
0x00007ff832ae0000 - 0x00007ff832b01000 	C:\WINDOWS\SYSTEM32\profapi.dll
0x00007ff807970000 - 0x00007ff807988000 	C:\Program Files\Java\jdk-18.0.2.1\bin\zip.dll
0x00007ff80d590000 - 0x00007ff80d5a3000 	C:\Program Files\Java\jdk-18.0.2.1\bin\net.dll
0x00007ff82ba40000 - 0x00007ff82bb76000 	C:\WINDOWS\SYSTEM32\WINHTTP.dll
0x00007ff832040000 - 0x00007ff8320a9000 	C:\WINDOWS\system32\mswsock.dll
0x00007ff807990000 - 0x00007ff8079a6000 	C:\Program Files\Java\jdk-18.0.2.1\bin\nio.dll
0x00007ff80d5c0000 - 0x00007ff80d5d0000 	C:\Program Files\Java\jdk-18.0.2.1\bin\verify.dll
0x00007fffabc60000 - 0x00007fffabc87000 	C:\Users\Khushi\.gradle\native\c067742578af261105cb4f569cf0c3c89f3d7b1fecec35dd04571415982c5e48\windows-amd64\native-platform.dll
0x00007fff75830000 - 0x00007fff75974000 	C:\Users\Khushi\.gradle\native\38dada09dfb8b06ba9b0570ebf7e218e3eb74d4ef43ca46872605cf95ebc2f47\windows-amd64\native-platform-file-events.dll
0x00007fffabc50000 - 0x00007fffabc59000 	C:\Program Files\Java\jdk-18.0.2.1\bin\management.dll
0x00007fffabc40000 - 0x00007fffabc4b000 	C:\Program Files\Java\jdk-18.0.2.1\bin\management_ext.dll
0x00007ff832310000 - 0x00007ff83232b000 	C:\WINDOWS\SYSTEM32\CRYPTSP.dll
0x00007ff831b30000 - 0x00007ff831b65000 	C:\WINDOWS\system32\rsaenh.dll
0x00007ff8321b0000 - 0x00007ff8321d8000 	C:\WINDOWS\SYSTEM32\USERENV.dll
0x00007ff832330000 - 0x00007ff83233c000 	C:\WINDOWS\SYSTEM32\CRYPTBASE.dll
0x00007ff831640000 - 0x00007ff83166d000 	C:\WINDOWS\SYSTEM32\IPHLPAPI.DLL
0x00007ff835270000 - 0x00007ff835279000 	C:\WINDOWS\System32\NSI.dll
0x00007ff82b3d0000 - 0x00007ff82b3e9000 	C:\WINDOWS\SYSTEM32\dhcpcsvc6.DLL
0x00007ff82b3b0000 - 0x00007ff82b3cf000 	C:\WINDOWS\SYSTEM32\dhcpcsvc.DLL
0x00007ff831670000 - 0x00007ff831768000 	C:\WINDOWS\SYSTEM32\DNSAPI.dll

dbghelp: loaded successfully - version: 4.0.5 - missing functions: none
symbol engine: initialized successfully - sym options: 0x614 - pdb path: .;C:\Program Files\Java\jdk-18.0.2.1\bin;C:\WINDOWS\SYSTEM32;C:\WINDOWS\WinSxS\amd64_microsoft.windows.common-controls_6595b64144ccf1df_6.0.22621.3527_none_270e469b73872a76;C:\Program Files\Java\jdk-18.0.2.1\bin\server;C:\Users\Khushi\.gradle\native\c067742578af261105cb4f569cf0c3c89f3d7b1fecec35dd04571415982c5e48\windows-amd64;C:\Users\Khushi\.gradle\native\38dada09dfb8b06ba9b0570ebf7e218e3eb74d4ef43ca46872605cf95ebc2f47\windows-amd64

VM Arguments:
jvm_args: -XX:MaxMetaspaceSize=512m --add-opens=java.base/java.util=ALL-UNNAMED --add-opens=java.base/java.lang=ALL-UNNAMED --add-opens=java.base/java.lang.invoke=ALL-UNNAMED --add-opens=java.prefs/java.util.prefs=ALL-UNNAMED --add-opens=java.base/java.nio.charset=ALL-UNNAMED --add-opens=java.base/java.net=ALL-UNNAMED --add-opens=java.base/java.util.concurrent.atomic=ALL-UNNAMED -Xmx2048m -Dfile.encoding=UTF-8 -Duser.country=IN -Duser.language=en -Duser.variant -javaagent:C:\Users\Khushi\.gradle\wrapper\dists\gradle-8.6-all\3mbtmo166bl6vumsh5k2lkq5h\gradle-8.6\lib\agents\gradle-instrumentation-agent-8.6.jar 
java_command: org.gradle.launcher.daemon.bootstrap.GradleDaemon 8.6
java_class_path (initial): C:\Users\Khushi\.gradle\wrapper\dists\gradle-8.6-all\3mbtmo166bl6vumsh5k2lkq5h\gradle-8.6\lib\gradle-launcher-8.6.jar
Launcher Type: SUN_STANDARD

[Global flags]
     intx CICompilerCount                          = 4                                         {product} {ergonomic}
   size_t CompressedClassSpaceSize                 = 432013312                                 {product} {ergonomic}
     uint ConcGCThreads                            = 3                                         {product} {ergonomic}
     uint G1ConcRefinementThreads                  = 10                                        {product} {ergonomic}
   size_t G1HeapRegionSize                         = 1048576                                   {product} {ergonomic}
    uintx GCDrainStackTargetSize                   = 64                                        {product} {ergonomic}
   size_t InitialHeapSize                          = 257949696                                 {product} {ergonomic}
   size_t MarkStackSize                            = 4194304                                   {product} {ergonomic}
   size_t MaxHeapSize                              = 2147483648                                {product} {command line}
   size_t MaxMetaspaceSize                         = 536870912                                 {product} {command line}
   size_t MaxNewSize                               = 1287651328                                {product} {ergonomic}
   size_t MinHeapDeltaBytes                        = 1048576                                   {product} {ergonomic}
   size_t MinHeapSize                              = 8388608                                   {product} {ergonomic}
    uintx NonNMethodCodeHeapSize                   = 5839372                                {pd product} {ergonomic}
    uintx NonProfiledCodeHeapSize                  = 122909434                              {pd product} {ergonomic}
    uintx ProfiledCodeHeapSize                     = 122909434                              {pd product} {ergonomic}
    uintx ReservedCodeCacheSize                    = 251658240                              {pd product} {ergonomic}
     bool SegmentedCodeCache                       = true                                      {product} {ergonomic}
   size_t SoftMaxHeapSize                          = 2147483648                             {manageable} {ergonomic}
     bool UseCompressedClassPointers               = true                           {product lp64_product} {ergonomic}
     bool UseCompressedOops                        = true                           {product lp64_product} {ergonomic}
     bool UseG1GC                                  = true                                      {product} {ergonomic}
     bool UseLargePagesIndividualAllocation        = false                                  {pd product} {ergonomic}

Logging:
Log output configuration:
 #0: stdout all=warning uptime,level,tags foldmultilines=false
 #1: stderr all=off uptime,level,tags foldmultilines=false

Environment Variables:
JAVA_HOME=C:\Program Files\Java\jdk-18.0.2.1
CLASSPATH=E:\React-Native\Project_1\android\\gradle\wrapper\gradle-wrapper.jar
PATH=E:\React-Native\Project_1\node_modules\.bin;E:\React-Native\Project_1\node_modules\.bin;E:\React-Native\node_modules\.bin;E:\node_modules\.bin;C:\Users\Khushi\AppData\Roaming\npm\node_modules\npm\node_modules\@npmcli\run-script\lib\node-gyp-bin;E:\React-Native\Project_1\node_modules\.bin;E:\React-Native\node_modules\.bin;E:\node_modules\.bin;C:\Users\Khushi\AppData\Roaming\npm\node_modules\npm\node_modules\@npmcli\run-script\lib\node-gyp-bin;C:\Program Files\Common Files\Oracle\Java\javapath;C:\Python312\Scripts\;C:\Python312\;C:\Users\Khushi\New folder\Scripts\;C:\Users\Khushi\New folder\;C:\WINDOWS\system32;C:\WINDOWS;C:\WINDOWS\System32\Wbem;C:\WINDOWS\System32\WindowsPowerShell\v1.0\;C:\WINDOWS\System32\OpenSSH\;C:\Program Files\Git\cmd;C:\Users\Khushi\AppData\Roaming\nvm;C:\Program Files\nodejs;C:\ProgramData\chocolatey\bin;C:\Program Files\nodejs\;C:\Program Files\Java\jdk-18.0.2.1;C:\Users\Khushi\AppData\Local\Android\Sdk;C:\Users\Khushi\AppData\Local\Android\Sdk\platform-tools;%ANDROID_HOME%\emulator;%ANDROID_HOME%\tools;%ANDROID_HOME%\tools\bin;%ANDROID_HOME%\platform-tools;C:\Program Files\MySQL\MySQL Shell 8.0\bin\;C:\Users\Khushi\AppData\Local\Microsoft\WindowsApps;C:\Users\Khushi\AppData\Local\Programs\Microsoft VS Code\bin;C:\MinGW\bin;D:\Desktop\flutter_windows_3.7.9-stable\flutter\bin;C:\Users\Khushi\AppData\Roaming\nvm;C:\Program Files\nodejs;C:\Users\Khushi\AppData\Local\GitHubDesktop\bin;C:\Users\Khushi\AppData\Roaming\npm;C:\Users\Khushi\AppData\Local\Android\Sdk\platform-tools;
USERNAME=Khushi
LANG=en_US.UTF-8
OS=Windows_NT
PROCESSOR_IDENTIFIER=AMD64 Family 23 Model 104 Stepping 1, AuthenticAMD



---------------  S Y S T E M  ---------------

OS:
 Windows 11 , 64 bit Build 22621 (10.0.22621.3527)
OS uptime: 0 days 0:56 hours

CPU: total 12 (initial active 12) (12 cores per cpu, 2 threads per core) family 23 model 104 stepping 1 microcode 0x0, cx8, cmov, fxsr, ht, mmx, 3dnowpref, sse, sse2, sse3, ssse3, sse4a, sse4.1, sse4.2, popcnt, lzcnt, tsc, tscinvbit, avx, avx2, aes, clmul, bmi1, bmi2, adx, sha, fma, vzeroupper, clflush, clflushopt

Memory: 4k page, system-wide physical 15693M (4371M free)
TotalPageFile size 17741M (AvailPageFile size 30M)
current process WorkingSet (physical memory assigned to process): 290M, peak: 291M
current process commit charge ("private bytes"): 367M, peak: 435M

vm_info: Java HotSpot(TM) 64-Bit Server VM (18.0.2.1+1-1) for windows-amd64 JRE (18.0.2.1+1-1), built on Aug 16 2022 01:46:33 by "mach5one" with MS VC++ 16.8 / 16.9 (VS2019)

END.
